<?xml version="1.0" encoding="UTF-8"?>
<!-- Generated by org.testng.reporters.JUnitReportReporter -->
<testsuite hostname="vkzoomin996" failures="0" tests="1" name="com.inetBanking.PageTestCases.TC_LoginTest_001" time="5.002" errors="0" timestamp="2022-11-19T19:18:42 IST" skipped="0">
  <testcase classname="com.inetBanking.PageTestCases.TC_LoginTest_001" name="loginTest" time="5.002"/>
  <system-out/>
</testsuite> <!-- com.inetBanking.PageTestCases.TC_LoginTest_001 -->
